[0.369s] Invoking command in '/home/bellsryo/ros2_ws/src/mypkg': PYTHONPATH=/home/bellsryo/ros2_ws/src/mypkg/build/mypkg/prefix_override:/home/bellsryo/ros2_ws/src/mypkg/install/mypkg/lib/python3.10/site-packages:${PYTHONPATH} /usr/bin/python3 setup.py egg_info --egg-base build/mypkg build --build-base /home/bellsryo/ros2_ws/src/mypkg/build/mypkg/build install --record /home/bellsryo/ros2_ws/src/mypkg/build/mypkg/install.log --single-version-externally-managed
[0.485s] running egg_info
[0.486s] writing build/mypkg/mypkg.egg-info/PKG-INFO
[0.486s] writing dependency_links to build/mypkg/mypkg.egg-info/dependency_links.txt
[0.486s] writing entry points to build/mypkg/mypkg.egg-info/entry_points.txt
[0.486s] writing requirements to build/mypkg/mypkg.egg-info/requires.txt
[0.486s] writing top-level names to build/mypkg/mypkg.egg-info/top_level.txt
[0.487s] reading manifest file 'build/mypkg/mypkg.egg-info/SOURCES.txt'
[0.487s] writing manifest file 'build/mypkg/mypkg.egg-info/SOURCES.txt'
[0.487s] running build
[0.488s] running build_py
[0.488s] copying mypkg/talker.py -> /home/bellsryo/ros2_ws/src/mypkg/build/mypkg/build/lib/mypkg
[0.488s] copying mypkg/listener.py -> /home/bellsryo/ros2_ws/src/mypkg/build/mypkg/build/lib/mypkg
[0.488s] running install
[0.488s] /usr/lib/python3/dist-packages/setuptools/command/install.py:34: SetuptoolsDeprecationWarning: setup.py install is deprecated. Use build and pip and other standards-based tools.
[0.488s]   warnings.warn(
[0.488s] running install_lib
[0.489s] copying /home/bellsryo/ros2_ws/src/mypkg/build/mypkg/build/lib/mypkg/talker.py -> /home/bellsryo/ros2_ws/src/mypkg/install/mypkg/lib/python3.10/site-packages/mypkg
[0.489s] copying /home/bellsryo/ros2_ws/src/mypkg/build/mypkg/build/lib/mypkg/listener.py -> /home/bellsryo/ros2_ws/src/mypkg/install/mypkg/lib/python3.10/site-packages/mypkg
[0.489s] byte-compiling /home/bellsryo/ros2_ws/src/mypkg/install/mypkg/lib/python3.10/site-packages/mypkg/talker.py to talker.cpython-310.pyc
[0.489s] byte-compiling /home/bellsryo/ros2_ws/src/mypkg/install/mypkg/lib/python3.10/site-packages/mypkg/listener.py to listener.cpython-310.pyc
[0.489s] running install_data
[0.489s] Sorry: IndentationError: unindent does not match any outer indentation level (listener.py, line 26)
[0.490s] running install_egg_info
[0.491s] removing '/home/bellsryo/ros2_ws/src/mypkg/install/mypkg/lib/python3.10/site-packages/mypkg-0.0.0-py3.10.egg-info' (and everything under it)
[0.491s] Copying build/mypkg/mypkg.egg-info to /home/bellsryo/ros2_ws/src/mypkg/install/mypkg/lib/python3.10/site-packages/mypkg-0.0.0-py3.10.egg-info
[0.491s] running install_scripts
[0.503s] Installing listener script to /home/bellsryo/ros2_ws/src/mypkg/install/mypkg/lib/mypkg
[0.503s] Installing talker script to /home/bellsryo/ros2_ws/src/mypkg/install/mypkg/lib/mypkg
[0.503s] writing list of installed files to '/home/bellsryo/ros2_ws/src/mypkg/build/mypkg/install.log'
[0.516s] Invoked command in '/home/bellsryo/ros2_ws/src/mypkg' returned '0': PYTHONPATH=/home/bellsryo/ros2_ws/src/mypkg/build/mypkg/prefix_override:/home/bellsryo/ros2_ws/src/mypkg/install/mypkg/lib/python3.10/site-packages:${PYTHONPATH} /usr/bin/python3 setup.py egg_info --egg-base build/mypkg build --build-base /home/bellsryo/ros2_ws/src/mypkg/build/mypkg/build install --record /home/bellsryo/ros2_ws/src/mypkg/build/mypkg/install.log --single-version-externally-managed
