[1.760s] DEBUG:colcon:Command line arguments: ['/usr/bin/colcon', 'build']
[1.761s] DEBUG:colcon:Parsed command line arguments: Namespace(log_base=None, log_level=None, verb_name='build', build_base='build', install_base='install', merge_install=False, symlink_install=False, test_result_base=None, continue_on_error=False, executor='parallel', parallel_workers=16, event_handlers=None, ignore_user_meta=False, metas=['./colcon.meta'], base_paths=['.'], packages_ignore=None, packages_ignore_regex=None, paths=None, packages_up_to=None, packages_up_to_regex=None, packages_above=None, packages_above_and_dependencies=None, packages_above_depth=None, packages_select_by_dep=None, packages_skip_by_dep=None, packages_skip_up_to=None, packages_select_build_failed=False, packages_skip_build_finished=False, packages_select_test_failures=False, packages_skip_test_passed=False, packages_select=None, packages_skip=None, packages_select_regex=None, packages_skip_regex=None, packages_start=None, packages_end=None, allow_overriding=[], cmake_args=None, cmake_target=None, cmake_target_skip_unavailable=False, cmake_clean_cache=False, cmake_clean_first=False, cmake_force_configure=False, ament_cmake_args=None, catkin_cmake_args=None, catkin_skip_building_tests=False, verb_parser=<colcon_defaults.argument_parser.defaults.DefaultArgumentsDecorator object at 0x7f2e36bba860>, verb_extension=<colcon_core.verb.build.BuildVerb object at 0x7f2e36ec1690>, main=<bound method BuildVerb.main of <colcon_core.verb.build.BuildVerb object at 0x7f2e36ec1690>>)
[1.828s] Level 1:colcon.colcon_core.package_discovery:discover_packages(colcon_meta) check parameters
[1.828s] Level 1:colcon.colcon_core.package_discovery:discover_packages(recursive) check parameters
[1.828s] Level 1:colcon.colcon_core.package_discovery:discover_packages(ignore) check parameters
[1.828s] Level 1:colcon.colcon_core.package_discovery:discover_packages(path) check parameters
[1.828s] Level 1:colcon.colcon_core.package_discovery:discover_packages(colcon_meta) discover
[1.828s] Level 1:colcon.colcon_core.package_discovery:discover_packages(recursive) discover
[1.828s] INFO:colcon.colcon_core.package_discovery:Crawling recursively for packages in '/home/bellsryo/ros2_ws/src/mypkg'
[1.828s] Level 1:colcon.colcon_core.package_identification:_identify(.) by extensions ['ignore', 'ignore_ament_install']
[1.829s] Level 1:colcon.colcon_core.package_identification:_identify(.) by extension 'ignore'
[1.829s] Level 1:colcon.colcon_core.package_identification:_identify(.) by extension 'ignore_ament_install'
[1.829s] Level 1:colcon.colcon_core.package_identification:_identify(.) by extensions ['colcon_pkg']
[1.829s] Level 1:colcon.colcon_core.package_identification:_identify(.) by extension 'colcon_pkg'
[1.829s] Level 1:colcon.colcon_core.package_identification:_identify(.) by extensions ['colcon_meta']
[1.829s] Level 1:colcon.colcon_core.package_identification:_identify(.) by extension 'colcon_meta'
[1.829s] Level 1:colcon.colcon_core.package_identification:_identify(.) by extensions ['ros']
[1.829s] Level 1:colcon.colcon_core.package_identification:_identify(.) by extension 'ros'
[1.850s] DEBUG:colcon.colcon_core.package_identification:Package '.' with type 'ros.ament_python' and name 'mypkg'
[1.850s] Level 1:colcon.colcon_core.package_discovery:discover_packages(recursive) using defaults
[1.850s] Level 1:colcon.colcon_core.package_discovery:discover_packages(ignore) discover
[1.850s] Level 1:colcon.colcon_core.package_discovery:discover_packages(ignore) using defaults
[1.850s] Level 1:colcon.colcon_core.package_discovery:discover_packages(path) discover
[1.850s] Level 1:colcon.colcon_core.package_discovery:discover_packages(path) using defaults
[1.942s] Level 1:colcon.colcon_core.package_discovery:discover_packages(prefix_path) check parameters
[1.942s] Level 1:colcon.colcon_core.package_discovery:discover_packages(prefix_path) discover
[1.967s] DEBUG:colcon.colcon_installed_package_information.package_discovery:Found 2 installed packages in /home/bellsryo/ros2_ws/install
[1.978s] DEBUG:colcon.colcon_installed_package_information.package_discovery:Found 270 installed packages in /opt/ros/humble
[1.979s] Level 1:colcon.colcon_core.package_discovery:discover_packages(prefix_path) using defaults
[2.059s] Level 5:colcon.colcon_core.verb:set package 'mypkg' build argument 'cmake_args' from command line to 'None'
[2.059s] Level 5:colcon.colcon_core.verb:set package 'mypkg' build argument 'cmake_target' from command line to 'None'
[2.059s] Level 5:colcon.colcon_core.verb:set package 'mypkg' build argument 'cmake_target_skip_unavailable' from command line to 'False'
[2.059s] Level 5:colcon.colcon_core.verb:set package 'mypkg' build argument 'cmake_clean_cache' from command line to 'False'
[2.059s] Level 5:colcon.colcon_core.verb:set package 'mypkg' build argument 'cmake_clean_first' from command line to 'False'
[2.059s] Level 5:colcon.colcon_core.verb:set package 'mypkg' build argument 'cmake_force_configure' from command line to 'False'
[2.059s] Level 5:colcon.colcon_core.verb:set package 'mypkg' build argument 'ament_cmake_args' from command line to 'None'
[2.059s] Level 5:colcon.colcon_core.verb:set package 'mypkg' build argument 'catkin_cmake_args' from command line to 'None'
[2.059s] Level 5:colcon.colcon_core.verb:set package 'mypkg' build argument 'catkin_skip_building_tests' from command line to 'False'
[2.059s] DEBUG:colcon.colcon_core.verb:Building package 'mypkg' with the following arguments: {'ament_cmake_args': None, 'build_base': '/home/bellsryo/ros2_ws/src/mypkg/build/mypkg', 'catkin_cmake_args': None, 'catkin_skip_building_tests': False, 'cmake_args': None, 'cmake_clean_cache': False, 'cmake_clean_first': False, 'cmake_force_configure': False, 'cmake_target': None, 'cmake_target_skip_unavailable': False, 'install_base': '/home/bellsryo/ros2_ws/src/mypkg/install/mypkg', 'merge_install': False, 'path': '/home/bellsryo/ros2_ws/src/mypkg', 'symlink_install': False, 'test_result_base': None}
[2.069s] INFO:colcon.colcon_core.executor:Executing jobs using 'parallel' executor
[2.079s] DEBUG:colcon.colcon_parallel_executor.executor.parallel:run_until_complete
[2.080s] INFO:colcon.colcon_ros.task.ament_python.build:Building ROS package in '/home/bellsryo/ros2_ws/src/mypkg' with build type 'ament_python'
[2.080s] Level 1:colcon.colcon_core.shell:create_environment_hook('mypkg', 'ament_prefix_path')
[2.112s] INFO:colcon.colcon_core.plugin_system:Skipping extension 'colcon_core.shell.bat': Not used on non-Windows systems
[2.113s] INFO:colcon.colcon_core.shell:Creating environment hook '/home/bellsryo/ros2_ws/src/mypkg/install/mypkg/share/mypkg/hook/ament_prefix_path.ps1'
[2.117s] INFO:colcon.colcon_core.shell:Creating environment descriptor '/home/bellsryo/ros2_ws/src/mypkg/install/mypkg/share/mypkg/hook/ament_prefix_path.dsv'
[2.118s] INFO:colcon.colcon_core.shell:Creating environment hook '/home/bellsryo/ros2_ws/src/mypkg/install/mypkg/share/mypkg/hook/ament_prefix_path.sh'
[2.137s] INFO:colcon.colcon_core.shell:Skip shell extension 'powershell' for command environment: Not usable outside of PowerShell
[2.137s] DEBUG:colcon.colcon_core.shell:Skip shell extension 'dsv' for command environment
[2.476s] INFO:colcon.colcon_core.task.python.build:Building Python package in '/home/bellsryo/ros2_ws/src/mypkg'
[2.497s] INFO:colcon.colcon_core.shell:Skip shell extension 'powershell' for command environment: Not usable outside of PowerShell
[2.497s] DEBUG:colcon.colcon_core.shell:Skip shell extension 'dsv' for command environment
[2.996s] DEBUG:colcon.colcon_core.event_handler.log_command:Invoking command in '/home/bellsryo/ros2_ws/src/mypkg': PYTHONPATH=/home/bellsryo/ros2_ws/src/mypkg/build/mypkg/prefix_override:/home/bellsryo/ros2_ws/src/mypkg/install/mypkg/lib/python3.10/site-packages:${PYTHONPATH} /usr/bin/python3 setup.py egg_info --egg-base build/mypkg build --build-base /home/bellsryo/ros2_ws/src/mypkg/build/mypkg/build install --record /home/bellsryo/ros2_ws/src/mypkg/build/mypkg/install.log --single-version-externally-managed
[3.238s] DEBUG:colcon.colcon_core.event_handler.log_command:Invoked command in '/home/bellsryo/ros2_ws/src/mypkg' returned '0': PYTHONPATH=/home/bellsryo/ros2_ws/src/mypkg/build/mypkg/prefix_override:/home/bellsryo/ros2_ws/src/mypkg/install/mypkg/lib/python3.10/site-packages:${PYTHONPATH} /usr/bin/python3 setup.py egg_info --egg-base build/mypkg build --build-base /home/bellsryo/ros2_ws/src/mypkg/build/mypkg/build install --record /home/bellsryo/ros2_ws/src/mypkg/build/mypkg/install.log --single-version-externally-managed
[3.260s] Level 1:colcon.colcon_core.environment:checking '/home/bellsryo/ros2_ws/src/mypkg/install/mypkg' for CMake module files
[3.261s] Level 1:colcon.colcon_core.environment:checking '/home/bellsryo/ros2_ws/src/mypkg/install/mypkg' for CMake config files
[3.264s] Level 1:colcon.colcon_core.environment:checking '/home/bellsryo/ros2_ws/src/mypkg/install/mypkg/lib'
[3.265s] Level 1:colcon.colcon_core.environment:checking '/home/bellsryo/ros2_ws/src/mypkg/install/mypkg/bin'
[3.265s] Level 1:colcon.colcon_core.environment:checking '/home/bellsryo/ros2_ws/src/mypkg/install/mypkg/lib/pkgconfig/mypkg.pc'
[3.266s] Level 1:colcon.colcon_core.environment:checking '/home/bellsryo/ros2_ws/src/mypkg/install/mypkg/lib/python3.10/site-packages'
[3.266s] Level 1:colcon.colcon_core.shell:create_environment_hook('mypkg', 'pythonpath')
[3.288s] INFO:colcon.colcon_core.shell:Creating environment hook '/home/bellsryo/ros2_ws/src/mypkg/install/mypkg/share/mypkg/hook/pythonpath.ps1'
[3.288s] INFO:colcon.colcon_core.shell:Creating environment descriptor '/home/bellsryo/ros2_ws/src/mypkg/install/mypkg/share/mypkg/hook/pythonpath.dsv'
[3.288s] INFO:colcon.colcon_core.shell:Creating environment hook '/home/bellsryo/ros2_ws/src/mypkg/install/mypkg/share/mypkg/hook/pythonpath.sh'
[3.289s] Level 1:colcon.colcon_core.environment:checking '/home/bellsryo/ros2_ws/src/mypkg/install/mypkg/bin'
[3.289s] Level 1:colcon.colcon_core.environment:create_environment_scripts_only(mypkg)
[3.299s] INFO:colcon.colcon_core.shell:Creating package script '/home/bellsryo/ros2_ws/src/mypkg/install/mypkg/share/mypkg/package.ps1'
[3.301s] INFO:colcon.colcon_core.shell:Creating package descriptor '/home/bellsryo/ros2_ws/src/mypkg/install/mypkg/share/mypkg/package.dsv'
[3.302s] INFO:colcon.colcon_core.shell:Creating package script '/home/bellsryo/ros2_ws/src/mypkg/install/mypkg/share/mypkg/package.sh'
[3.303s] INFO:colcon.colcon_core.shell:Creating package script '/home/bellsryo/ros2_ws/src/mypkg/install/mypkg/share/mypkg/package.bash'
[3.304s] INFO:colcon.colcon_core.shell:Creating package script '/home/bellsryo/ros2_ws/src/mypkg/install/mypkg/share/mypkg/package.zsh'
[3.306s] Level 1:colcon.colcon_core.environment:create_file_with_runtime_dependencies(/home/bellsryo/ros2_ws/src/mypkg/install/mypkg/share/colcon-core/packages/mypkg)
[3.306s] DEBUG:colcon.colcon_parallel_executor.executor.parallel:closing loop
[3.307s] DEBUG:colcon.colcon_parallel_executor.executor.parallel:loop closed
[3.308s] DEBUG:colcon.colcon_parallel_executor.executor.parallel:run_until_complete finished with '0'
[3.308s] DEBUG:colcon.colcon_core.event_reactor:joining thread
[3.477s] INFO:colcon.colcon_core.plugin_system:Skipping extension 'colcon_notification.desktop_notification.notify_send': Could not find 'notify-send'
[3.478s] INFO:colcon.colcon_core.plugin_system:Skipping extension 'colcon_notification.desktop_notification.terminal_notifier': Not used on non-Darwin systems
[3.478s] INFO:colcon.colcon_core.plugin_system:Skipping extension 'colcon_notification.desktop_notification.win32': Not used on non-Windows systems
[3.478s] INFO:colcon.colcon_notification.desktop_notification:Sending desktop notification using 'notify2'
[3.478s] DEBUG:colcon.colcon_notification.desktop_notification.notify2:Failed to initialize notify2: org.freedesktop.DBus.Error.FileNotFound: Failed to connect to socket /run/user/1000/bus: No such file or directory
[3.479s] DEBUG:colcon.colcon_core.event_reactor:joined thread
[3.499s] INFO:colcon.colcon_core.shell:Creating prefix script '/home/bellsryo/ros2_ws/src/mypkg/install/local_setup.ps1'
[3.501s] INFO:colcon.colcon_core.shell:Creating prefix util module '/home/bellsryo/ros2_ws/src/mypkg/install/_local_setup_util_ps1.py'
[3.504s] INFO:colcon.colcon_core.shell:Creating prefix chain script '/home/bellsryo/ros2_ws/src/mypkg/install/setup.ps1'
[3.524s] INFO:colcon.colcon_core.shell:Creating prefix script '/home/bellsryo/ros2_ws/src/mypkg/install/local_setup.sh'
[3.525s] INFO:colcon.colcon_core.shell:Creating prefix util module '/home/bellsryo/ros2_ws/src/mypkg/install/_local_setup_util_sh.py'
[3.525s] INFO:colcon.colcon_core.shell:Creating prefix chain script '/home/bellsryo/ros2_ws/src/mypkg/install/setup.sh'
[3.537s] INFO:colcon.colcon_core.shell:Creating prefix script '/home/bellsryo/ros2_ws/src/mypkg/install/local_setup.bash'
[3.537s] INFO:colcon.colcon_core.shell:Creating prefix chain script '/home/bellsryo/ros2_ws/src/mypkg/install/setup.bash'
[3.547s] INFO:colcon.colcon_core.shell:Creating prefix script '/home/bellsryo/ros2_ws/src/mypkg/install/local_setup.zsh'
[3.548s] INFO:colcon.colcon_core.shell:Creating prefix chain script '/home/bellsryo/ros2_ws/src/mypkg/install/setup.zsh'
