[0.932s] DEBUG:colcon:Command line arguments: ['/usr/bin/colcon', 'build']
[0.932s] DEBUG:colcon:Parsed command line arguments: Namespace(log_base=None, log_level=None, verb_name='build', build_base='build', install_base='install', merge_install=False, symlink_install=False, test_result_base=None, continue_on_error=False, executor='parallel', parallel_workers=16, event_handlers=None, ignore_user_meta=False, metas=['./colcon.meta'], base_paths=['.'], packages_ignore=None, packages_ignore_regex=None, paths=None, packages_up_to=None, packages_up_to_regex=None, packages_above=None, packages_above_and_dependencies=None, packages_above_depth=None, packages_select_by_dep=None, packages_skip_by_dep=None, packages_skip_up_to=None, packages_select_build_failed=False, packages_skip_build_finished=False, packages_select_test_failures=False, packages_skip_test_passed=False, packages_select=None, packages_skip=None, packages_select_regex=None, packages_skip_regex=None, packages_start=None, packages_end=None, allow_overriding=[], cmake_args=None, cmake_target=None, cmake_target_skip_unavailable=False, cmake_clean_cache=False, cmake_clean_first=False, cmake_force_configure=False, ament_cmake_args=None, catkin_cmake_args=None, catkin_skip_building_tests=False, verb_parser=<colcon_defaults.argument_parser.defaults.DefaultArgumentsDecorator object at 0x7f0025a8f880>, verb_extension=<colcon_core.verb.build.BuildVerb object at 0x7f0025d61420>, main=<bound method BuildVerb.main of <colcon_core.verb.build.BuildVerb object at 0x7f0025d61420>>)
[0.967s] Level 1:colcon.colcon_core.package_discovery:discover_packages(colcon_meta) check parameters
[0.967s] Level 1:colcon.colcon_core.package_discovery:discover_packages(recursive) check parameters
[0.967s] Level 1:colcon.colcon_core.package_discovery:discover_packages(ignore) check parameters
[0.967s] Level 1:colcon.colcon_core.package_discovery:discover_packages(path) check parameters
[0.967s] Level 1:colcon.colcon_core.package_discovery:discover_packages(colcon_meta) discover
[0.967s] Level 1:colcon.colcon_core.package_discovery:discover_packages(recursive) discover
[0.967s] INFO:colcon.colcon_core.package_discovery:Crawling recursively for packages in '/home/bellsryo/ros2_ws/src/mypkg'
[0.967s] Level 1:colcon.colcon_core.package_identification:_identify(.) by extensions ['ignore', 'ignore_ament_install']
[0.967s] Level 1:colcon.colcon_core.package_identification:_identify(.) by extension 'ignore'
[0.968s] Level 1:colcon.colcon_core.package_identification:_identify(.) by extension 'ignore_ament_install'
[0.968s] Level 1:colcon.colcon_core.package_identification:_identify(.) by extensions ['colcon_pkg']
[0.968s] Level 1:colcon.colcon_core.package_identification:_identify(.) by extension 'colcon_pkg'
[0.968s] Level 1:colcon.colcon_core.package_identification:_identify(.) by extensions ['colcon_meta']
[0.968s] Level 1:colcon.colcon_core.package_identification:_identify(.) by extension 'colcon_meta'
[0.968s] Level 1:colcon.colcon_core.package_identification:_identify(.) by extensions ['ros']
[0.968s] Level 1:colcon.colcon_core.package_identification:_identify(.) by extension 'ros'
[0.984s] DEBUG:colcon.colcon_core.package_identification:Package '.' with type 'ros.ament_python' and name 'mypkg'
[0.984s] Level 1:colcon.colcon_core.package_discovery:discover_packages(recursive) using defaults
[0.984s] Level 1:colcon.colcon_core.package_discovery:discover_packages(ignore) discover
[0.984s] Level 1:colcon.colcon_core.package_discovery:discover_packages(ignore) using defaults
[0.984s] Level 1:colcon.colcon_core.package_discovery:discover_packages(path) discover
[0.984s] Level 1:colcon.colcon_core.package_discovery:discover_packages(path) using defaults
[1.047s] Level 1:colcon.colcon_core.package_discovery:discover_packages(prefix_path) check parameters
[1.047s] Level 1:colcon.colcon_core.package_discovery:discover_packages(prefix_path) discover
[1.066s] DEBUG:colcon.colcon_installed_package_information.package_discovery:Found 1 installed packages in /home/bellsryo/ros2_ws/install
[1.076s] DEBUG:colcon.colcon_installed_package_information.package_discovery:Found 270 installed packages in /opt/ros/humble
[1.078s] Level 1:colcon.colcon_core.package_discovery:discover_packages(prefix_path) using defaults
[1.145s] Level 5:colcon.colcon_core.verb:set package 'mypkg' build argument 'cmake_args' from command line to 'None'
[1.145s] Level 5:colcon.colcon_core.verb:set package 'mypkg' build argument 'cmake_target' from command line to 'None'
[1.145s] Level 5:colcon.colcon_core.verb:set package 'mypkg' build argument 'cmake_target_skip_unavailable' from command line to 'False'
[1.145s] Level 5:colcon.colcon_core.verb:set package 'mypkg' build argument 'cmake_clean_cache' from command line to 'False'
[1.145s] Level 5:colcon.colcon_core.verb:set package 'mypkg' build argument 'cmake_clean_first' from command line to 'False'
[1.145s] Level 5:colcon.colcon_core.verb:set package 'mypkg' build argument 'cmake_force_configure' from command line to 'False'
[1.145s] Level 5:colcon.colcon_core.verb:set package 'mypkg' build argument 'ament_cmake_args' from command line to 'None'
[1.145s] Level 5:colcon.colcon_core.verb:set package 'mypkg' build argument 'catkin_cmake_args' from command line to 'None'
[1.145s] Level 5:colcon.colcon_core.verb:set package 'mypkg' build argument 'catkin_skip_building_tests' from command line to 'False'
[1.145s] DEBUG:colcon.colcon_core.verb:Building package 'mypkg' with the following arguments: {'ament_cmake_args': None, 'build_base': '/home/bellsryo/ros2_ws/src/mypkg/build/mypkg', 'catkin_cmake_args': None, 'catkin_skip_building_tests': False, 'cmake_args': None, 'cmake_clean_cache': False, 'cmake_clean_first': False, 'cmake_force_configure': False, 'cmake_target': None, 'cmake_target_skip_unavailable': False, 'install_base': '/home/bellsryo/ros2_ws/src/mypkg/install/mypkg', 'merge_install': False, 'path': '/home/bellsryo/ros2_ws/src/mypkg', 'symlink_install': False, 'test_result_base': None}
[1.154s] INFO:colcon.colcon_core.executor:Executing jobs using 'parallel' executor
[1.164s] DEBUG:colcon.colcon_parallel_executor.executor.parallel:run_until_complete
[1.164s] INFO:colcon.colcon_ros.task.ament_python.build:Building ROS package in '/home/bellsryo/ros2_ws/src/mypkg' with build type 'ament_python'
[1.165s] Level 1:colcon.colcon_core.shell:create_environment_hook('mypkg', 'ament_prefix_path')
[1.176s] INFO:colcon.colcon_core.plugin_system:Skipping extension 'colcon_core.shell.bat': Not used on non-Windows systems
[1.176s] INFO:colcon.colcon_core.shell:Creating environment hook '/home/bellsryo/ros2_ws/src/mypkg/install/mypkg/share/mypkg/hook/ament_prefix_path.ps1'
[1.177s] INFO:colcon.colcon_core.shell:Creating environment descriptor '/home/bellsryo/ros2_ws/src/mypkg/install/mypkg/share/mypkg/hook/ament_prefix_path.dsv'
[1.177s] INFO:colcon.colcon_core.shell:Creating environment hook '/home/bellsryo/ros2_ws/src/mypkg/install/mypkg/share/mypkg/hook/ament_prefix_path.sh'
[1.187s] INFO:colcon.colcon_core.shell:Skip shell extension 'powershell' for command environment: Not usable outside of PowerShell
[1.187s] DEBUG:colcon.colcon_core.shell:Skip shell extension 'dsv' for command environment
[1.505s] INFO:colcon.colcon_core.task.python.build:Building Python package in '/home/bellsryo/ros2_ws/src/mypkg'
[1.517s] INFO:colcon.colcon_core.shell:Skip shell extension 'powershell' for command environment: Not usable outside of PowerShell
[1.517s] DEBUG:colcon.colcon_core.shell:Skip shell extension 'dsv' for command environment
[1.853s] DEBUG:colcon.colcon_core.event_handler.log_command:Invoking command in '/home/bellsryo/ros2_ws/src/mypkg': PYTHONPATH=/home/bellsryo/ros2_ws/src/mypkg/build/mypkg/prefix_override:/home/bellsryo/ros2_ws/src/mypkg/install/mypkg/lib/python3.10/site-packages:${PYTHONPATH} /usr/bin/python3 setup.py egg_info --egg-base build/mypkg build --build-base /home/bellsryo/ros2_ws/src/mypkg/build/mypkg/build install --record /home/bellsryo/ros2_ws/src/mypkg/build/mypkg/install.log --single-version-externally-managed
[2.121s] DEBUG:colcon.colcon_core.event_handler.log_command:Invoked command in '/home/bellsryo/ros2_ws/src/mypkg' returned '0': PYTHONPATH=/home/bellsryo/ros2_ws/src/mypkg/build/mypkg/prefix_override:/home/bellsryo/ros2_ws/src/mypkg/install/mypkg/lib/python3.10/site-packages:${PYTHONPATH} /usr/bin/python3 setup.py egg_info --egg-base build/mypkg build --build-base /home/bellsryo/ros2_ws/src/mypkg/build/mypkg/build install --record /home/bellsryo/ros2_ws/src/mypkg/build/mypkg/install.log --single-version-externally-managed
[2.136s] Level 1:colcon.colcon_core.environment:checking '/home/bellsryo/ros2_ws/src/mypkg/install/mypkg' for CMake module files
[2.137s] Level 1:colcon.colcon_core.environment:checking '/home/bellsryo/ros2_ws/src/mypkg/install/mypkg' for CMake config files
[2.139s] Level 1:colcon.colcon_core.environment:checking '/home/bellsryo/ros2_ws/src/mypkg/install/mypkg/lib'
[2.140s] Level 1:colcon.colcon_core.environment:checking '/home/bellsryo/ros2_ws/src/mypkg/install/mypkg/bin'
[2.140s] Level 1:colcon.colcon_core.environment:checking '/home/bellsryo/ros2_ws/src/mypkg/install/mypkg/lib/pkgconfig/mypkg.pc'
[2.140s] Level 1:colcon.colcon_core.environment:checking '/home/bellsryo/ros2_ws/src/mypkg/install/mypkg/lib/python3.10/site-packages'
[2.140s] Level 1:colcon.colcon_core.shell:create_environment_hook('mypkg', 'pythonpath')
[2.156s] INFO:colcon.colcon_core.shell:Creating environment hook '/home/bellsryo/ros2_ws/src/mypkg/install/mypkg/share/mypkg/hook/pythonpath.ps1'
[2.156s] INFO:colcon.colcon_core.shell:Creating environment descriptor '/home/bellsryo/ros2_ws/src/mypkg/install/mypkg/share/mypkg/hook/pythonpath.dsv'
[2.157s] INFO:colcon.colcon_core.shell:Creating environment hook '/home/bellsryo/ros2_ws/src/mypkg/install/mypkg/share/mypkg/hook/pythonpath.sh'
[2.157s] Level 1:colcon.colcon_core.environment:checking '/home/bellsryo/ros2_ws/src/mypkg/install/mypkg/bin'
[2.157s] Level 1:colcon.colcon_core.environment:create_environment_scripts_only(mypkg)
[2.168s] INFO:colcon.colcon_core.shell:Creating package script '/home/bellsryo/ros2_ws/src/mypkg/install/mypkg/share/mypkg/package.ps1'
[2.169s] INFO:colcon.colcon_core.shell:Creating package descriptor '/home/bellsryo/ros2_ws/src/mypkg/install/mypkg/share/mypkg/package.dsv'
[2.169s] INFO:colcon.colcon_core.shell:Creating package script '/home/bellsryo/ros2_ws/src/mypkg/install/mypkg/share/mypkg/package.sh'
[2.170s] INFO:colcon.colcon_core.shell:Creating package script '/home/bellsryo/ros2_ws/src/mypkg/install/mypkg/share/mypkg/package.bash'
[2.171s] INFO:colcon.colcon_core.shell:Creating package script '/home/bellsryo/ros2_ws/src/mypkg/install/mypkg/share/mypkg/package.zsh'
[2.171s] Level 1:colcon.colcon_core.environment:create_file_with_runtime_dependencies(/home/bellsryo/ros2_ws/src/mypkg/install/mypkg/share/colcon-core/packages/mypkg)
[2.172s] DEBUG:colcon.colcon_parallel_executor.executor.parallel:closing loop
[2.172s] DEBUG:colcon.colcon_parallel_executor.executor.parallel:loop closed
[2.172s] DEBUG:colcon.colcon_parallel_executor.executor.parallel:run_until_complete finished with '0'
[2.172s] DEBUG:colcon.colcon_core.event_reactor:joining thread
[2.296s] INFO:colcon.colcon_core.plugin_system:Skipping extension 'colcon_notification.desktop_notification.notify_send': Could not find 'notify-send'
[2.296s] INFO:colcon.colcon_core.plugin_system:Skipping extension 'colcon_notification.desktop_notification.terminal_notifier': Not used on non-Darwin systems
[2.297s] INFO:colcon.colcon_core.plugin_system:Skipping extension 'colcon_notification.desktop_notification.win32': Not used on non-Windows systems
[2.297s] INFO:colcon.colcon_notification.desktop_notification:Sending desktop notification using 'notify2'
[2.298s] DEBUG:colcon.colcon_notification.desktop_notification.notify2:Failed to initialize notify2: org.freedesktop.DBus.Error.FileNotFound: Failed to connect to socket /run/user/1000/bus: No such file or directory
[2.298s] DEBUG:colcon.colcon_core.event_reactor:joined thread
[2.309s] INFO:colcon.colcon_core.shell:Creating prefix script '/home/bellsryo/ros2_ws/src/mypkg/install/local_setup.ps1'
[2.310s] INFO:colcon.colcon_core.shell:Creating prefix util module '/home/bellsryo/ros2_ws/src/mypkg/install/_local_setup_util_ps1.py'
[2.311s] INFO:colcon.colcon_core.shell:Creating prefix chain script '/home/bellsryo/ros2_ws/src/mypkg/install/setup.ps1'
[2.324s] INFO:colcon.colcon_core.shell:Creating prefix script '/home/bellsryo/ros2_ws/src/mypkg/install/local_setup.sh'
[2.324s] INFO:colcon.colcon_core.shell:Creating prefix util module '/home/bellsryo/ros2_ws/src/mypkg/install/_local_setup_util_sh.py'
[2.325s] INFO:colcon.colcon_core.shell:Creating prefix chain script '/home/bellsryo/ros2_ws/src/mypkg/install/setup.sh'
[2.335s] INFO:colcon.colcon_core.shell:Creating prefix script '/home/bellsryo/ros2_ws/src/mypkg/install/local_setup.bash'
[2.336s] INFO:colcon.colcon_core.shell:Creating prefix chain script '/home/bellsryo/ros2_ws/src/mypkg/install/setup.bash'
[2.346s] INFO:colcon.colcon_core.shell:Creating prefix script '/home/bellsryo/ros2_ws/src/mypkg/install/local_setup.zsh'
[2.346s] INFO:colcon.colcon_core.shell:Creating prefix chain script '/home/bellsryo/ros2_ws/src/mypkg/install/setup.zsh'
